[debug] [2020-09-28T21:33:34.905Z] ----------------------------------------------------------------------
[debug] [2020-09-28T21:33:34.907Z] Command:       C:\Program Files\nodejs\node.exe C:\Users\Daniele\AppData\Roaming\npm\node_modules\firebase-tools\lib\bin\firebase.js deploy
[debug] [2020-09-28T21:33:34.907Z] CLI Version:   8.11.2
[debug] [2020-09-28T21:33:34.907Z] Platform:      win32
[debug] [2020-09-28T21:33:34.907Z] Node Version:  v12.18.3
[debug] [2020-09-28T21:33:34.908Z] Time:          Mon Sep 28 2020 23:33:34 GMT+0200 (GMT+02:00)
[debug] [2020-09-28T21:33:34.908Z] ----------------------------------------------------------------------
[debug] [2020-09-28T21:33:34.908Z] 
[debug] [2020-09-28T21:33:34.927Z] > command requires scopes: ["email","openid","https://www.googleapis.com/auth/cloudplatformprojects.readonly","https://www.googleapis.com/auth/firebase","https://www.googleapis.com/auth/cloud-platform"]
[debug] [2020-09-28T21:33:34.928Z] > authorizing via signed-in user
[debug] [2020-09-28T21:33:34.928Z] [iam] checking project mywork-final for permissions ["firebase.projects.get","firebasehosting.sites.update"]
[debug] [2020-09-28T21:33:34.929Z] > refreshing access token with scopes: ["email","https://www.googleapis.com/auth/cloud-platform","https://www.googleapis.com/auth/cloudplatformprojects.readonly","https://www.googleapis.com/auth/firebase","openid"]
[debug] [2020-09-28T21:33:34.930Z] >>> HTTP REQUEST POST https://www.googleapis.com/oauth2/v3/token  
 <request body omitted>
[debug] [2020-09-28T21:33:35.083Z] <<< HTTP RESPONSE 200 {"content-type":"application/json; charset=utf-8","vary":"X-Origin, Referer, Origin,Accept-Encoding","date":"Mon, 28 Sep 2020 21:33:35 GMT","server":"scaffolding on HTTPServer2","cache-control":"private","x-xss-protection":"0","x-frame-options":"SAMEORIGIN","x-content-type-options":"nosniff","alt-svc":"h3-Q050=\":443\"; ma=2592000,h3-29=\":443\"; ma=2592000,h3-27=\":443\"; ma=2592000,h3-T051=\":443\"; ma=2592000,h3-T050=\":443\"; ma=2592000,h3-Q046=\":443\"; ma=2592000,h3-Q043=\":443\"; ma=2592000,quic=\":443\"; ma=2592000; v=\"46,43\"","accept-ranges":"none","transfer-encoding":"chunked"}
[debug] [2020-09-28T21:33:35.087Z] >>> HTTP REQUEST POST https://cloudresourcemanager.googleapis.com/v1/projects/mywork-final:testIamPermissions  
 {"permissions":["firebase.projects.get","firebasehosting.sites.update"]}
[debug] [2020-09-28T21:33:35.870Z] <<< HTTP RESPONSE 200 {"content-type":"application/json; charset=UTF-8","vary":"X-Origin, Referer, Origin,Accept-Encoding","date":"Mon, 28 Sep 2020 21:33:35 GMT","server":"ESF","cache-control":"private","x-xss-protection":"0","x-frame-options":"SAMEORIGIN","x-content-type-options":"nosniff","server-timing":"gfet4t7; dur=618","alt-svc":"h3-Q050=\":443\"; ma=2592000,h3-29=\":443\"; ma=2592000,h3-27=\":443\"; ma=2592000,h3-T051=\":443\"; ma=2592000,h3-T050=\":443\"; ma=2592000,h3-Q046=\":443\"; ma=2592000,h3-Q043=\":443\"; ma=2592000,quic=\":443\"; ma=2592000; v=\"46,43\"","accept-ranges":"none","transfer-encoding":"chunked"}
[debug] [2020-09-28T21:33:35.871Z] >>> HTTP REQUEST GET https://firebase.googleapis.com/v1beta1/projects/mywork-final  
 
[debug] [2020-09-28T21:33:36.568Z] <<< HTTP RESPONSE 200 {"content-type":"application/json; charset=UTF-8","vary":"X-Origin, Referer, Origin,Accept-Encoding","date":"Mon, 28 Sep 2020 21:33:36 GMT","server":"ESF","cache-control":"private","x-xss-protection":"0","x-frame-options":"SAMEORIGIN","x-content-type-options":"nosniff","alt-svc":"h3-Q050=\":443\"; ma=2592000,h3-29=\":443\"; ma=2592000,h3-27=\":443\"; ma=2592000,h3-T051=\":443\"; ma=2592000,h3-T050=\":443\"; ma=2592000,h3-Q046=\":443\"; ma=2592000,h3-Q043=\":443\"; ma=2592000,quic=\":443\"; ma=2592000; v=\"46,43\"","accept-ranges":"none","transfer-encoding":"chunked"}
[info] 
[info] === Deploying to 'mywork-final'...
[info] 
[info] i  deploying hosting 
[debug] [2020-09-28T21:33:36.571Z] >>> HTTP REQUEST POST https://firebasehosting.googleapis.com/v1beta1/sites/mywork-final/versions  
 {"config":{"rewrites":[{"glob":"**","path":"/index.html"}]},"labels":{"deployment-tool":"cli-firebase"}}
[debug] [2020-09-28T21:33:38.244Z] <<< HTTP RESPONSE 200 {"content-type":"application/json; charset=UTF-8","vary":"X-Origin, Referer, Origin,Accept-Encoding","date":"Mon, 28 Sep 2020 21:33:38 GMT","server":"ESF","cache-control":"private","x-xss-protection":"0","x-frame-options":"SAMEORIGIN","x-content-type-options":"nosniff","alt-svc":"h3-Q050=\":443\"; ma=2592000,h3-29=\":443\"; ma=2592000,h3-27=\":443\"; ma=2592000,h3-T051=\":443\"; ma=2592000,h3-T050=\":443\"; ma=2592000,h3-Q046=\":443\"; ma=2592000,h3-Q043=\":443\"; ma=2592000,quic=\":443\"; ma=2592000; v=\"46,43\"","accept-ranges":"none","transfer-encoding":"chunked"}
[info] i  hosting[mywork-final]: beginning deploy... 
[info] i  hosting[mywork-final]: found 21 files in build 
[debug] [2020-09-28T21:33:38.771Z] [hosting] hash cache [YnVpbGQ] stored for 21 files
[debug] [2020-09-28T21:33:38.771Z] [hosting][hash queue][FINAL] {"max":507,"min":4,"avg":33.57142857142857,"active":0,"complete":21,"success":21,"errored":0,"retried":0,"total":21,"elapsed":513}
[debug] [2020-09-28T21:33:38.771Z] >>> HTTP REQUEST POST https://firebasehosting.googleapis.com/v1beta1/sites/mywork-final/versions/bc04922da2f756cb:populateFiles  
 <request body omitted>
[debug] [2020-09-28T21:33:39.881Z] <<< HTTP RESPONSE 200 {"content-type":"application/json; charset=UTF-8","vary":"X-Origin, Referer, Origin,Accept-Encoding","date":"Mon, 28 Sep 2020 21:33:39 GMT","server":"ESF","cache-control":"private","x-xss-protection":"0","x-frame-options":"SAMEORIGIN","x-content-type-options":"nosniff","alt-svc":"h3-Q050=\":443\"; ma=2592000,h3-29=\":443\"; ma=2592000,h3-27=\":443\"; ma=2592000,h3-T051=\":443\"; ma=2592000,h3-T050=\":443\"; ma=2592000,h3-Q046=\":443\"; ma=2592000,h3-Q043=\":443\"; ma=2592000,quic=\":443\"; ma=2592000; v=\"46,43\"","accept-ranges":"none","transfer-encoding":"chunked"}
[debug] [2020-09-28T21:33:39.885Z] [hosting][populate queue][FINAL] {"max":1112,"min":1112,"avg":1112,"active":0,"complete":1,"success":1,"errored":0,"retried":0,"total":1,"elapsed":1115}
[debug] [2020-09-28T21:33:39.885Z] [hosting] uploads queued: 10
